1744162262.684384 [0]      rviz2: config: Domain/General/MulticastRecvNetworkInterfaceAddresses/#text: preferred {}
1744162262.684451 [0]      rviz2: config: Domain/General/Interfaces/NetworkInterface[@autodetermine]: false {}
1744162262.684489 [0]      rviz2: config: Domain/General/Interfaces/NetworkInterface[@name]: (null) {}
1744162262.684526 [0]      rviz2: config: Domain/General/Interfaces/NetworkInterface[@address]: 192.168.192.110 {}
1744162262.684562 [0]      rviz2: config: Domain/General/Interfaces/NetworkInterface[@priority]: default {}
1744162262.684599 [0]      rviz2: config: Domain/General/Interfaces/NetworkInterface[@prefer_multicast]: false {}
1744162262.684653 [0]      rviz2: config: Domain/General/Interfaces/NetworkInterface[@presence_required]: true {}
1744162262.684692 [0]      rviz2: config: Domain/General/Interfaces/NetworkInterface[@multicast]: default {}
1744162262.684730 [0]      rviz2: config: Domain/General/ExternalNetworkAddress/#text: auto {}
1744162262.684768 [0]      rviz2: config: Domain/General/ExternalNetworkMask/#text: 0.0.0.0 {}
1744162262.684806 [0]      rviz2: config: Domain/General/AllowMulticast/#text: default {}
1744162262.684851 [0]      rviz2: config: Domain/General/MulticastTimeToLive/#text: 32 {}
1744162262.684889 [0]      rviz2: config: Domain/General/DontRoute/#text: false {}
1744162262.684927 [0]      rviz2: config: Domain/General/Transport/#text: udp {}
1744162262.684965 [0]      rviz2: config: Domain/General/EnableMulticastLoopback/#text: true {}
1744162262.685005 [0]      rviz2: config: Domain/General/MaxMessageSize/#text: 14720 B {}
1744162262.685041 [0]      rviz2: config: Domain/General/MaxRexmitMessageSize/#text: 1456 B {}
1744162262.685078 [0]      rviz2: config: Domain/General/FragmentSize/#text: 1344 B {}
1744162262.685116 [0]      rviz2: config: Domain/General/RedundantNetworking/#text: false {}
1744162262.685154 [0]      rviz2: config: Domain/General/EntityAutoNaming/#text: empty {}
1744162262.685192 [0]      rviz2: config: Domain/General/EntityAutoNaming[@seed]: 681297609 813426467 1804673133 3983293329 2095049039 248174456 4202739835 888941044 {}
1744162262.685231 [0]      rviz2: config: Domain/Sizing/ReceiveBufferSize/#text: 1 MiB {}
1744162262.685269 [0]      rviz2: config: Domain/Sizing/ReceiveBufferChunkSize/#text: 128 KiB {}
1744162262.685306 [0]      rviz2: config: Domain/Compatibility/StandardsConformance/#text: lax {}
1744162262.685344 [0]      rviz2: config: Domain/Compatibility/ExplicitlyPublishQosSetToDefault/#text: false {}
1744162262.685382 [0]      rviz2: config: Domain/Compatibility/ManySocketsMode/#text: single {}
1744162262.685420 [0]      rviz2: config: Domain/Compatibility/AssumeRtiHasPmdEndpoints/#text: false {}
1744162262.685458 [0]      rviz2: config: Domain/Discovery/Tag/#text:  {}
1744162262.685495 [0]      rviz2: config: Domain/Discovery/ExternalDomainId/#text: 0 {}
1744162262.685533 [0]      rviz2: config: Domain/Discovery/DSGracePeriod/#text: 30 s {}
1744162262.685572 [0]      rviz2: config: Domain/Discovery/ParticipantIndex/#text: none {}
1744162262.685609 [0]      rviz2: config: Domain/Discovery/MaxAutoParticipantIndex/#text: 9 {}
1744162262.685647 [0]      rviz2: config: Domain/Discovery/SPDPMulticastAddress/#text: 239.255.0.1 {}
1744162262.685685 [0]      rviz2: config: Domain/Discovery/SPDPInterval/#text: 30 s {}
1744162262.685723 [0]      rviz2: config: Domain/Discovery/DefaultMulticastAddress/#text: auto {}
1744162262.685761 [0]      rviz2: config: Domain/Discovery/Ports/Base/#text: 7400 {}
1744162262.685799 [0]      rviz2: config: Domain/Discovery/Ports/DomainGain/#text: 250 {}
1744162262.685840 [0]      rviz2: config: Domain/Discovery/Ports/ParticipantGain/#text: 2 {}
1744162262.685878 [0]      rviz2: config: Domain/Discovery/Ports/MulticastMetaOffset/#text: 0 {}
1744162262.685916 [0]      rviz2: config: Domain/Discovery/Ports/UnicastMetaOffset/#text: 10 {}
1744162262.685954 [0]      rviz2: config: Domain/Discovery/Ports/MulticastDataOffset/#text: 1 {}
1744162262.685992 [0]      rviz2: config: Domain/Discovery/Ports/UnicastDataOffset/#text: 11 {}
1744162262.686059 [0]      rviz2: config: Domain/Discovery/EnableTopicDiscoveryEndpoints/#text: false {}
1744162262.686097 [0]      rviz2: config: Domain/Discovery/LeaseDuration/#text: 10 s {}
1744162262.686140 [0]      rviz2: config: Domain/Tracing/Category/#text: fatal,error,warning,info,config {1}
1744162262.686179 [0]      rviz2: config: Domain/Tracing/OutputFile/#text: cdds.log {1}
1744162262.686217 [0]      rviz2: config: Domain/Tracing/AppendToFile/#text: false {}
1744162262.686255 [0]      rviz2: config: Domain/Tracing/PacketCaptureFile/#text:  {}
1744162262.686293 [0]      rviz2: config: Domain/Internal/DeliveryQueueMaxSamples/#text: 256 {}
1744162262.686330 [0]      rviz2: config: Domain/Internal/PrimaryReorderMaxSamples/#text: 128 {}
1744162262.686368 [0]      rviz2: config: Domain/Internal/SecondaryReorderMaxSamples/#text: 128 {}
1744162262.686406 [0]      rviz2: config: Domain/Internal/DefragUnreliableMaxSamples/#text: 4 {}
1744162262.686444 [0]      rviz2: config: Domain/Internal/DefragReliableMaxSamples/#text: 16 {}
1744162262.686482 [0]      rviz2: config: Domain/Internal/BuiltinEndpointSet/#text: writers {}
1744162262.686518 [0]      rviz2: config: Domain/Internal/MeasureHbToAckLatency/#text: false {}
1744162262.686556 [0]      rviz2: config: Domain/Internal/UnicastResponseToSPDPMessages/#text: true {}
1744162262.686594 [0]      rviz2: config: Domain/Internal/SynchronousDeliveryPriorityThreshold/#text: 0 {}
1744162262.686632 [0]      rviz2: config: Domain/Internal/SynchronousDeliveryLatencyBound/#text: inf {}
1744162262.686670 [0]      rviz2: config: Domain/Internal/MaxParticipants/#text: 0 {}
1744162262.686710 [0]      rviz2: config: Domain/Internal/AccelerateRexmitBlockSize/#text: 0 {}
1744162262.686748 [0]      rviz2: config: Domain/Internal/RetransmitMerging/#text: never {}
1744162262.686787 [0]      rviz2: config: Domain/Internal/RetransmitMergingPeriod/#text: 5 ms {}
1744162262.686825 [0]      rviz2: config: Domain/Internal/HeartbeatInterval/#text: 100 ms {}
1744162262.686869 [0]      rviz2: config: Domain/Internal/HeartbeatInterval[@min]: 5 ms {}
1744162262.686907 [0]      rviz2: config: Domain/Internal/HeartbeatInterval[@minsched]: 20 ms {}
1744162262.686945 [0]      rviz2: config: Domain/Internal/HeartbeatInterval[@max]: 8 s {}
1744162262.686984 [0]      rviz2: config: Domain/Internal/MaxQueuedRexmitBytes/#text: 512 KiB {}
1744162262.687022 [0]      rviz2: config: Domain/Internal/MaxQueuedRexmitMessages/#text: 200 {}
1744162262.687060 [0]      rviz2: config: Domain/Internal/WriterLingerDuration/#text: 1 s {}
1744162262.687098 [0]      rviz2: config: Domain/Internal/SocketReceiveBufferSize[@min]: default {}
1744162262.687135 [0]      rviz2: config: Domain/Internal/SocketReceiveBufferSize[@max]: default {}
1744162262.687173 [0]      rviz2: config: Domain/Internal/SocketSendBufferSize[@min]: 64 KiB {}
1744162262.687211 [0]      rviz2: config: Domain/Internal/SocketSendBufferSize[@max]: default {}
1744162262.687249 [0]      rviz2: config: Domain/Internal/NackDelay/#text: 100 ms {}
1744162262.687287 [0]      rviz2: config: Domain/Internal/AckDelay/#text: 10 ms {}
1744162262.687323 [0]      rviz2: config: Domain/Internal/AutoReschedNackDelay/#text: 3 s {}
1744162262.687361 [0]      rviz2: config: Domain/Internal/PreEmptiveAckDelay/#text: 10 ms {}
1744162262.687399 [0]      rviz2: config: Domain/Internal/ScheduleTimeRounding/#text: 0 s {}
1744162262.687437 [0]      rviz2: config: Domain/Internal/DDSI2DirectMaxThreads/#text: 1 {}
1744162262.687474 [0]      rviz2: config: Domain/Internal/SquashParticipants/#text: false {}
1744162262.687512 [0]      rviz2: config: Domain/Internal/SPDPResponseMaxDelay/#text: 0 s {}
1744162262.687550 [0]      rviz2: config: Domain/Internal/LateAckMode/#text: false {}
1744162262.687587 [0]      rviz2: config: Domain/Internal/RetryOnRejectBestEffort/#text: false {}
1744162262.687625 [0]      rviz2: config: Domain/Internal/GenerateKeyhash/#text: false {}
1744162262.687663 [0]      rviz2: config: Domain/Internal/MaxSampleSize/#text: 2147483647 B {}
1744162262.687700 [0]      rviz2: config: Domain/Internal/LivelinessMonitoring/#text: false {}
1744162262.687764 [0]      rviz2: config: Domain/Internal/LivelinessMonitoring[@StackTraces]: true {}
1744162262.687802 [0]      rviz2: config: Domain/Internal/LivelinessMonitoring[@Interval]: 1 s {}
1744162262.687846 [0]      rviz2: config: Domain/Internal/MonitorPort/#text: -1 {}
1744162262.687884 [0]      rviz2: config: Domain/Internal/PrioritizeRetransmit/#text: true {}
1744162262.687922 [0]      rviz2: config: Domain/Internal/UseMulticastIfMreqn/#text: 0 {}
1744162262.687960 [0]      rviz2: config: Domain/Internal/RediscoveryBlacklistDuration/#text: 0 s {}
1744162262.687997 [0]      rviz2: config: Domain/Internal/RediscoveryBlacklistDuration[@enforce]: false {}
1744162262.688035 [0]      rviz2: config: Domain/Internal/MultipleReceiveThreads/#text: default {}
1744162262.688073 [0]      rviz2: config: Domain/Internal/MultipleReceiveThreads[@maxretries]: 4294967295 {}
1744162262.688111 [0]      rviz2: config: Domain/Internal/Test/XmitLossiness/#text: 0 {}
1744162262.688149 [0]      rviz2: config: Domain/Internal/Watermarks/WhcLow/#text: 1 KiB {}
1744162262.688187 [0]      rviz2: config: Domain/Internal/Watermarks/WhcHigh/#text: 500 KiB {}
1744162262.688225 [0]      rviz2: config: Domain/Internal/Watermarks/WhcHighInit/#text: 30 KiB {}
1744162262.688263 [0]      rviz2: config: Domain/Internal/Watermarks/WhcAdaptive/#text: true {}
1744162262.688301 [0]      rviz2: config: Domain/Internal/BurstSize/MaxRexmit/#text: 1 MiB {}
1744162262.688339 [0]      rviz2: config: Domain/Internal/BurstSize/MaxInitTransmit/#text: 4294967295 {}
1744162262.688377 [0]      rviz2: config: Domain/Internal/EnableExpensiveChecks/#text:  {}
1744162262.688415 [0]      rviz2: config: Domain/TCP/NoDelay/#text: true {}
1744162262.688451 [0]      rviz2: config: Domain/TCP/Port/#text: -1 {}
1744162262.688489 [0]      rviz2: config: Domain/TCP/ReadTimeout/#text: 2 s {}
1744162262.688527 [0]      rviz2: config: Domain/TCP/WriteTimeout/#text: 2 s {}
1744162262.688564 [0]      rviz2: config: Domain/TCP/AlwaysUsePeeraddrForUnicast/#text: false {}
1744162262.688602 [0]      rviz2: config: Domain/SSL/Enable/#text: false {}
1744162262.688640 [0]      rviz2: config: Domain/SSL/CertificateVerification/#text: true {}
1744162262.688678 [0]      rviz2: config: Domain/SSL/VerifyClient/#text: true {}
1744162262.688716 [0]      rviz2: config: Domain/SSL/SelfSignedCertificates/#text: false {}
1744162262.688753 [0]      rviz2: config: Domain/SSL/KeystoreFile/#text: keystore {}
1744162262.688791 [0]      rviz2: config: Domain/SSL/KeyPassphrase/#text: secret {}
1744162262.688829 [0]      rviz2: config: Domain/SSL/Ciphers/#text: ALL:!ADH:!LOW:!EXP:!MD5:@STRENGTH {}
1744162262.688870 [0]      rviz2: config: Domain/SSL/EntropyFile/#text:  {}
1744162262.688908 [0]      rviz2: config: Domain/SSL/MinimumTLSVersion/#text: 1.3 {}
1744162262.688946 [0]      rviz2: config: Domain/SharedMemory/Enable/#text: false {}
1744162262.688984 [0]      rviz2: config: Domain/SharedMemory/Locator/#text:  {}
1744162262.689022 [0]      rviz2: config: Domain/SharedMemory/Prefix/#text: DDS_CYCLONE {}
1744162262.689060 [0]      rviz2: config: Domain/SharedMemory/LogLevel/#text: info {}
1744162262.689098 [0]      rviz2: config: Domain[@Id]: 0 {}
1744162262.689177 [0]      rviz2: started at 1744162262.06689140 -- 2025-04-09 09:31:02+08:00
1744162262.689216 [0]      rviz2: udp initialized
1744162262.689491 [0]      rviz2: interfaces: lo udp/127.0.0.1(q1) enp5s0 udp/192.168.192.110(q9) wlp4s0 wireless udp/192.168.1.208(q9)
1744162262.689542 [0]      rviz2: selected interfaces: enp5s0 (index 2 priority 0)
1744162262.689580 [0]      rviz2: presumed robust multicast support, use for everything
1744162262.689620 [0]      rviz2: ownip: udp/192.168.192.110
1744162262.689656 [0]      rviz2: extmask: invalid/0 (not applicable)
1744162262.689694 [0]      rviz2: SPDP MC: udp/239.255.0.1
1744162262.689731 [0]      rviz2: default MC: udp/239.255.0.1
1744162262.689768 [0]      rviz2: SSM support included
1744162262.689978 [0]      rviz2: failed to increase socket receive buffer size to 1048576 bytes, continuing with 425984 bytes
1744162262.690074 [0]      rviz2: rtps_init: uc ports: disc 0 data 0
1744162262.690121 [0]      rviz2: rtps_init: domainid 0 participantid -2
1744162262.690165 [0]      rviz2: Unicast Ports: discovery 44718 data 44718
1744162262.690214 [0]      rviz2: failed to increase socket receive buffer size to 1048576 bytes, continuing with 425984 bytes
1744162262.690266 [0]      rviz2: failed to increase socket receive buffer size to 1048576 bytes, continuing with 425984 bytes
1744162262.690308 [0]      rviz2: Multicast Ports: discovery 7400 data 7401 
1744162262.690353 [0]      rviz2: failed to increase socket receive buffer size to 1048576 bytes, continuing with 425984 bytes
1744162262.690401 [0]      rviz2: interface enp5s0: transmit port 56402
1744162348.894393 [0]      rviz2: udp finalized
1744162348.894561 [0]      rviz2: Finis.
